<?xml version="1.0" encoding="UTF-8"?>
<!-- Generated by org.testng.reporters.JUnitReportReporter -->
<testsuite hostname="DESKTOP-LTPBCCQ" name="textscriept.Login" tests="1" failures="0" timestamp="9 Jun 2022 05:41:47 GMT" time="65.316" errors="0">
  <testcase name="test" time="65.316" classname="textscriept.Login"/>
</testsuite> <!-- textscriept.Login -->
